FoodOrderApp/FoodOrderApp/app/build/intermediates/manifest_merge_blame_file/debug/manifest-merger-blame-debug-report.txt
1<?xml version="1.0" encoding="utf-8"?>
2<manifest xmlns:android="http://schemas.android.com/apk/res/android"
3    package="com.android.foodorderapp"
4    android:versionCode="1"
5    android:versionName="1.0" >
6
7    <uses-sdk
8        android:minSdkVersion="24"
8-->src\main\AndroidManifest.xml
9        android:targetSdkVersion="31" />
9-->src\main\AndroidManifest.xml
10
11    <uses-permission android:name="android.permission.INTERNET" />
11-->src\main\AndroidManifest.xml:5:5-67
11-->src\main\AndroidManifest.xml:5:22-64
12
13    <!-- Although the *SdkVersion is captured in gradle build files, this is required for non gradle builds -->
14    <!-- <uses-sdk android:minSdkVersion="14"/> -->
15    <uses-permission android:name="android.permission.ACCESS_NETWORK_STATE" />
15-->[com.google.firebase:firebase-database:20.1.0] AndroidManifest.xml:24:5-79
15-->[com.google.firebase:firebase-database:20.1.0] AndroidManifest.xml:24:22-76
16
17    <application
17-->src\main\AndroidManifest.xml:7:5-76:19
18        android:allowBackup="true"
18-->src\main\AndroidManifest.xml:8:9-35
19        android:appComponentFactory="androidx.core.app.CoreComponentFactory"
19-->[androidx.core:core:1.3.1] AndroidManifest.xml:24:18-86
20        android:debuggable="true"
21        android:extractNativeLibs="false"
22        android:icon="@mipmap/ic_launcher"
22-->src\main\AndroidManifest.xml:9:9-43
23        android:label="@string/app_name"
23-->src\main\AndroidManifest.xml:10:9-41
24        android:roundIcon="@mipmap/ic_launcher_round"
24-->src\main\AndroidManifest.xml:11:9-54
25        android:supportsRtl="true"
25-->src\main\AndroidManifest.xml:12:9-35
26        android:testOnly="true"
27        android:theme="@style/Theme.FoodOrderApp" >
27-->src\main\AndroidManifest.xml:13:9-50
28        <activity
28-->src\main\AndroidManifest.xml:14:9-20:20
29            android:name="com.android.foodorderapp.DetailsPurchaseHistoryActivity"
29-->src\main\AndroidManifest.xml:15:13-59
30            android:exported="false" >
30-->src\main\AndroidManifest.xml:16:13-37
31            <meta-data
31-->src\main\AndroidManifest.xml:17:13-19:36
32                android:name="android.app.lib_name"
32-->src\main\AndroidManifest.xml:18:17-52
33                android:value="" />
33-->src\main\AndroidManifest.xml:19:17-33
34        </activity>
35        <activity
35-->src\main\AndroidManifest.xml:21:9-27:20
36            android:name="com.android.foodorderapp.HistoryPurchaseActivity"
36-->src\main\AndroidManifest.xml:22:13-52
37            android:exported="false" >
37-->src\main\AndroidManifest.xml:23:13-37
38            <meta-data
38-->src\main\AndroidManifest.xml:17:13-19:36
39                android:name="android.app.lib_name"
39-->src\main\AndroidManifest.xml:18:17-52
40                android:value="" />
40-->src\main\AndroidManifest.xml:19:17-33
41        </activity>
42        <activity
42-->src\main\AndroidManifest.xml:28:9-34:20
43            android:name="com.android.foodorderapp.MomoPaymentActivity"
43-->src\main\AndroidManifest.xml:29:13-48
44            android:exported="false" >
44-->src\main\AndroidManifest.xml:30:13-37
45            <meta-data
45-->src\main\AndroidManifest.xml:17:13-19:36
46                android:name="android.app.lib_name"
46-->src\main\AndroidManifest.xml:18:17-52
47                android:value="" />
47-->src\main\AndroidManifest.xml:19:17-33
48        </activity>
49        <activity
49-->src\main\AndroidManifest.xml:35:9-41:20
50            android:name="com.android.foodorderapp.PersonalActivity"
50-->src\main\AndroidManifest.xml:36:13-45
51            android:exported="false" >
51-->src\main\AndroidManifest.xml:37:13-37
52            <meta-data
52-->src\main\AndroidManifest.xml:17:13-19:36
53                android:name="android.app.lib_name"
53-->src\main\AndroidManifest.xml:18:17-52
54                android:value="" />
54-->src\main\AndroidManifest.xml:19:17-33
55        </activity>
56        <activity
56-->src\main\AndroidManifest.xml:42:9-48:20
57            android:name="com.android.foodorderapp.CartActivity"
57-->src\main\AndroidManifest.xml:43:13-41
58            android:exported="false" >
58-->src\main\AndroidManifest.xml:44:13-37
59            <meta-data
59-->src\main\AndroidManifest.xml:17:13-19:36
60                android:name="android.app.lib_name"
60-->src\main\AndroidManifest.xml:18:17-52
61                android:value="" />
61-->src\main\AndroidManifest.xml:19:17-33
62        </activity>
63        <activity
63-->src\main\AndroidManifest.xml:49:9-55:20
64            android:name="com.android.foodorderapp.RegisterActivity"
64-->src\main\AndroidManifest.xml:50:13-45
65            android:exported="false" >
65-->src\main\AndroidManifest.xml:51:13-37
66            <meta-data
66-->src\main\AndroidManifest.xml:17:13-19:36
67                android:name="android.app.lib_name"
67-->src\main\AndroidManifest.xml:18:17-52
68                android:value="" />
68-->src\main\AndroidManifest.xml:19:17-33
69        </activity>
70        <activity
70-->src\main\AndroidManifest.xml:56:9-62:20
71            android:name="com.android.foodorderapp.LoginActivity"
71-->src\main\AndroidManifest.xml:57:13-42
72            android:exported="false" >
72-->src\main\AndroidManifest.xml:58:13-37
73            <meta-data
73-->src\main\AndroidManifest.xml:17:13-19:36
74                android:name="android.app.lib_name"
74-->src\main\AndroidManifest.xml:18:17-52
75                android:value="" />
75-->src\main\AndroidManifest.xml:19:17-33
76        </activity>
77        <activity android:name="com.android.foodorderapp.OrderSucceessActivity" />
77-->src\main\AndroidManifest.xml:63:9-59
77-->src\main\AndroidManifest.xml:63:19-56
78        <activity android:name="com.android.foodorderapp.PlaceYourOrderActivity" />
78-->src\main\AndroidManifest.xml:64:9-60
78-->src\main\AndroidManifest.xml:64:19-57
79        <activity android:name="com.android.foodorderapp.RestaurantMenuActivity" />
79-->src\main\AndroidManifest.xml:65:9-60
79-->src\main\AndroidManifest.xml:65:19-57
80        <activity
80-->src\main\AndroidManifest.xml:66:9-74:20
81            android:name="com.android.foodorderapp.SplashActivity"
81-->src\main\AndroidManifest.xml:67:13-43
82            android:exported="true" >
82-->src\main\AndroidManifest.xml:68:13-36
83            <intent-filter>
83-->src\main\AndroidManifest.xml:69:13-73:29
84                <action android:name="android.intent.action.MAIN" />
84-->src\main\AndroidManifest.xml:70:17-69
84-->src\main\AndroidManifest.xml:70:25-66
85
86                <category android:name="android.intent.category.LAUNCHER" />
86-->src\main\AndroidManifest.xml:72:17-77
86-->src\main\AndroidManifest.xml:72:27-74
87            </intent-filter>
88        </activity>
89        <activity android:name="com.android.foodorderapp.MainActivity" />
89-->src\main\AndroidManifest.xml:75:9-50
89-->src\main\AndroidManifest.xml:75:19-47
90
91        <service
91-->[com.google.firebase:firebase-database:20.1.0] AndroidManifest.xml:28:9-34:19
92            android:name="com.google.firebase.components.ComponentDiscoveryService"
92-->[com.google.firebase:firebase-database:20.1.0] AndroidManifest.xml:29:13-84
93            android:directBootAware="true"
93-->[com.google.firebase:firebase-common:20.2.0] AndroidManifest.xml:34:13-43
94            android:exported="false" >
94-->[com.google.firebase:firebase-database:20.1.0] AndroidManifest.xml:30:13-37
95            <meta-data
95-->[com.google.firebase:firebase-database:20.1.0] AndroidManifest.xml:31:13-33:85
96                android:name="com.google.firebase.components:com.google.firebase.database.DatabaseRegistrar"
96-->[com.google.firebase:firebase-database:20.1.0] AndroidManifest.xml:32:17-109
97                android:value="com.google.firebase.components.ComponentRegistrar" />
97-->[com.google.firebase:firebase-database:20.1.0] AndroidManifest.xml:33:17-82
98        </service>
99
100        <activity
100-->[com.google.android.gms:play-services-base:18.0.1] AndroidManifest.xml:20:9-22:45
101            android:name="com.google.android.gms.common.api.GoogleApiActivity"
101-->[com.google.android.gms:play-services-base:18.0.1] AndroidManifest.xml:20:19-85
102            android:exported="false"
102-->[com.google.android.gms:play-services-base:18.0.1] AndroidManifest.xml:22:19-43
103            android:theme="@android:style/Theme.Translucent.NoTitleBar" />
103-->[com.google.android.gms:play-services-base:18.0.1] AndroidManifest.xml:21:19-78
104
105        <provider
105-->[com.google.firebase:firebase-common:20.2.0] AndroidManifest.xml:25:9-30:39
106            android:name="com.google.firebase.provider.FirebaseInitProvider"
106-->[com.google.firebase:firebase-common:20.2.0] AndroidManifest.xml:26:13-77
107            android:authorities="com.android.foodorderapp.firebaseinitprovider"
107-->[com.google.firebase:firebase-common:20.2.0] AndroidManifest.xml:27:13-72
108            android:directBootAware="true"
108-->[com.google.firebase:firebase-common:20.2.0] AndroidManifest.xml:28:13-43
109            android:exported="false"
109-->[com.google.firebase:firebase-common:20.2.0] AndroidManifest.xml:29:13-37
110            android:initOrder="100" />
110-->[com.google.firebase:firebase-common:20.2.0] AndroidManifest.xml:30:13-36
111
112        <meta-data
112-->[com.google.android.gms:play-services-basement:18.1.0] AndroidManifest.xml:21:9-23:69
113            android:name="com.google.android.gms.version"
113-->[com.google.android.gms:play-services-basement:18.1.0] AndroidManifest.xml:22:13-58
114            android:value="@integer/google_play_services_version" />
114-->[com.google.android.gms:play-services-basement:18.1.0] AndroidManifest.xml:23:13-66
115    </application>
116
117</manifest>